# JRE version: OpenJDK Runtime Environment (8.0_91-b14) (build 1.8.0_91-8u91-b14-3ubuntu1~16.04.1-b14)
# Java VM: OpenJDK 64-Bit Server VM (25.91-b14 mixed mode linux-amd64 compressed oops)
Heap:
 PSYoungGen      total 136192K, used 120336K [0x00000000d6700000, 0x00000000df100000, 0x0000000100000000)
  eden space 131072K, 87% used [0x00000000d6700000,0x00000000dd789928,0x00000000de700000)
  from space 5120K, 99% used [0x00000000dec00000,0x00000000df0fa7b8,0x00000000df100000)
  to   space 5120K, 0% used [0x00000000de700000,0x00000000de700000,0x00000000dec00000)
 ParOldGen       total 86016K, used 55829K [0x0000000083400000, 0x0000000088800000, 0x00000000d6700000)
  object space 86016K, 64% used [0x0000000083400000,0x0000000086a85760,0x0000000088800000)
 Metaspace       used 3352K, capacity 4664K, committed 4864K, reserved 1056768K
  class space    used 359K, capacity 424K, committed 512K, reserved 1048576K
GC Heap History (8 events):
Event: 0,182 GC heap before
{Heap before GC invocations=1 (full 0):
 PSYoungGen      total 37888K, used 32768K [0x00000000d6700000, 0x00000000d9100000, 0x0000000100000000)
  eden space 32768K, 100% used [0x00000000d6700000,0x00000000d8700000,0x00000000d8700000)
  from space 5120K, 0% used [0x00000000d8c00000,0x00000000d8c00000,0x00000000d9100000)
  to   space 5120K, 0% used [0x00000000d8700000,0x00000000d8700000,0x00000000d8c00000)
 ParOldGen       total 86016K, used 0K [0x0000000083400000, 0x0000000088800000, 0x00000000d6700000)
  object space 86016K, 0% used [0x0000000083400000,0x0000000083400000,0x0000000088800000)
 Metaspace       used 2756K, capacity 4566K, committed 4864K, reserved 1056768K
  class space    used 285K, capacity 390K, committed 512K, reserved 1048576K
Event: 0,199 GC heap after
Heap after GC invocations=1 (full 0):
 PSYoungGen      total 37888K, used 5115K [0x00000000d6700000, 0x00000000db100000, 0x0000000100000000)
  eden space 32768K, 0% used [0x00000000d6700000,0x00000000d6700000,0x00000000d8700000)
  from space 5120K, 99% used [0x00000000d8700000,0x00000000d8bfee38,0x00000000d8c00000)
  to   space 5120K, 0% used [0x00000000dac00000,0x00000000dac00000,0x00000000db100000)
 ParOldGen       total 86016K, used 4821K [0x0000000083400000, 0x0000000088800000, 0x00000000d6700000)
  object space 86016K, 5% used [0x0000000083400000,0x00000000838b5760,0x0000000088800000)
 Metaspace       used 2756K, capacity 4566K, committed 4864K, reserved 1056768K
  class space    used 285K, capacity 390K, committed 512K, reserved 1048576K
}
Event: 0,240 GC heap before
{Heap before GC invocations=2 (full 0):
 PSYoungGen      total 37888K, used 37883K [0x00000000d6700000, 0x00000000db100000, 0x0000000100000000)
  eden space 32768K, 100% used [0x00000000d6700000,0x00000000d8700000,0x00000000d8700000)
  from space 5120K, 99% used [0x00000000d8700000,0x00000000d8bfee38,0x00000000d8c00000)
  to   space 5120K, 0% used [0x00000000dac00000,0x00000000dac00000,0x00000000db100000)
 ParOldGen       total 86016K, used 4821K [0x0000000083400000, 0x0000000088800000, 0x00000000d6700000)
  object space 86016K, 5% used [0x0000000083400000,0x00000000838b5760,0x0000000088800000)
 Metaspace       used 2770K, capacity 4566K, committed 4864K, reserved 1056768K
  class space    used 286K, capacity 390K, committed 512K, reserved 1048576K
Event: 0,264 GC heap after
Heap after GC invocations=2 (full 0):
 PSYoungGen      total 70656K, used 5093K [0x00000000d6700000, 0x00000000db100000, 0x0000000100000000)
  eden space 65536K, 0% used [0x00000000d6700000,0x00000000d6700000,0x00000000da700000)
  from space 5120K, 99% used [0x00000000dac00000,0x00000000db0f97b0,0x00000000db100000)
  to   space 5120K, 0% used [0x00000000da700000,0x00000000da700000,0x00000000dac00000)
 ParOldGen       total 86016K, used 14989K [0x0000000083400000, 0x0000000088800000, 0x00000000d6700000)
  object space 86016K, 17% used [0x0000000083400000,0x00000000842a3760,0x0000000088800000)
 Metaspace       used 2770K, capacity 4566K, committed 4864K, reserved 1056768K
  class space    used 286K, capacity 390K, committed 512K, reserved 1048576K
}
Event: 0,314 GC heap before
{Heap before GC invocations=3 (full 0):
 PSYoungGen      total 70656K, used 70629K [0x00000000d6700000, 0x00000000db100000, 0x0000000100000000)
  eden space 65536K, 100% used [0x00000000d6700000,0x00000000da700000,0x00000000da700000)
  from space 5120K, 99% used [0x00000000dac00000,0x00000000db0f97b0,0x00000000db100000)
  to   space 5120K, 0% used [0x00000000da700000,0x00000000da700000,0x00000000dac00000)
 ParOldGen       total 86016K, used 14989K [0x0000000083400000, 0x0000000088800000, 0x00000000d6700000)
  object space 86016K, 17% used [0x0000000083400000,0x00000000842a3760,0x0000000088800000)
 Metaspace       used 2771K, capacity 4568K, committed 4864K, reserved 1056768K
  class space    used 287K, capacity 392K, committed 512K, reserved 1048576K
Event: 0,355 GC heap after
Heap after GC invocations=3 (full 0):
 PSYoungGen      total 70656K, used 5089K [0x00000000d6700000, 0x00000000df100000, 0x0000000100000000)
  eden space 65536K, 0% used [0x00000000d6700000,0x00000000d6700000,0x00000000da700000)
  from space 5120K, 99% used [0x00000000da700000,0x00000000dabf8528,0x00000000dac00000)
  to   space 5120K, 0% used [0x00000000dec00000,0x00000000dec00000,0x00000000df100000)
 ParOldGen       total 86016K, used 35341K [0x0000000083400000, 0x0000000088800000, 0x00000000d6700000)
  object space 86016K, 41% used [0x0000000083400000,0x0000000085683760,0x0000000088800000)
 Metaspace       used 2771K, capacity 4568K, committed 4864K, reserved 1056768K
  class space    used 287K, capacity 392K, committed 512K, reserved 1048576K
}
Event: 0,398 GC heap before
{Heap before GC invocations=4 (full 0):
 PSYoungGen      total 70656K, used 70625K [0x00000000d6700000, 0x00000000df100000, 0x0000000100000000)
  eden space 65536K, 100% used [0x00000000d6700000,0x00000000da700000,0x00000000da700000)
  from space 5120K, 99% used [0x00000000da700000,0x00000000dabf8528,0x00000000dac00000)
  to   space 5120K, 0% used [0x00000000dec00000,0x00000000dec00000,0x00000000df100000)
 ParOldGen       total 86016K, used 35341K [0x0000000083400000, 0x0000000088800000, 0x00000000d6700000)
  object space 86016K, 41% used [0x0000000083400000,0x0000000085683760,0x0000000088800000)
 Metaspace       used 2771K, capacity 4568K, committed 4864K, reserved 1056768K
  class space    used 287K, capacity 392K, committed 512K, reserved 1048576K
Event: 0,439 GC heap after
Heap after GC invocations=4 (full 0):
 PSYoungGen      total 136192K, used 5097K [0x00000000d6700000, 0x00000000df100000, 0x0000000100000000)
  eden space 131072K, 0% used [0x00000000d6700000,0x00000000d6700000,0x00000000de700000)
  from space 5120K, 99% used [0x00000000dec00000,0x00000000df0fa7b8,0x00000000df100000)
  to   space 5120K, 0% used [0x00000000de700000,0x00000000de700000,0x00000000dec00000)
 ParOldGen       total 86016K, used 55829K [0x0000000083400000, 0x0000000088800000, 0x00000000d6700000)
  object space 86016K, 64% used [0x0000000083400000,0x0000000086a85760,0x0000000088800000)
 Metaspace       used 2771K, capacity 4568K, committed 4864K, reserved 1056768K
  class space    used 287K, capacity 392K, committed 512K, reserved 1048576K
}

